SF:lib/core/network/connectivity_service.dart
DA:6,1
DA:10,3
DA:11,3
DA:13,1
DA:14,2
DA:15,1
DA:18,1
DA:19,3
LF:8
LH:8
end_of_record
SF:lib/core/utils/prescription_extensions.dart
DA:5,3
DA:6,3
DA:8,5
DA:12,0
DA:13,0
DA:15,0
DA:16,0
LF:7
LH:3
end_of_record
SF:lib/domain/entities/eye_measurement.dart
DA:4,3
DA:18,0
DA:25,0
DA:26,0
DA:27,0
DA:28,0
DA:29,0
DA:30,0
DA:34,3
DA:35,18
LF:10
LH:3
end_of_record
SF:lib/domain/entities/prescription.dart
DA:5,5
DA:29,1
DA:40,1
DA:41,1
DA:42,1
DA:43,1
DA:44,1
DA:45,1
DA:46,1
DA:47,1
DA:48,1
DA:49,1
DA:50,1
DA:54,2
DA:55,1
DA:56,1
DA:57,1
DA:58,1
DA:59,1
DA:60,1
DA:61,1
DA:62,1
DA:63,1
DA:67,3
DA:68,3
DA:69,3
DA:70,3
DA:71,3
DA:72,3
DA:73,3
DA:74,3
DA:75,3
DA:76,3
DA:77,3
DA:78,3
LF:35
LH:35
end_of_record
SF:lib/core/constants/app_strings.dart
DA:2,0
DA:79,0
DA:80,0
DA:104,1
DA:105,1
DA:106,1
DA:107,1
LF:7
LH:4
end_of_record
SF:lib/domain/entities/calendar_event.dart
DA:5,2
DA:21,0
DA:29,0
DA:30,0
DA:31,0
DA:32,0
DA:33,0
DA:34,0
DA:35,0
DA:39,1
DA:40,7
LF:11
LH:3
end_of_record
SF:lib/domain/entities/user_profile.dart
DA:4,2
DA:18,1
DA:25,1
DA:26,1
DA:27,0
DA:28,0
DA:29,1
DA:30,0
DA:34,2
DA:35,12
LF:10
LH:7
end_of_record
SF:lib/domain/enums/reminder_interval.dart
DA:16,2
DA:17,1
DA:18,3
DA:19,1
DA:22,1
DA:23,1
DA:24,1
DA:25,1
LF:8
LH:8
end_of_record
SF:lib/presentation/profile/cubit/profile_state.dart
DA:4,3
DA:6,1
DA:7,1
DA:11,2
DA:15,2
DA:19,1
DA:29,0
DA:33,0
DA:34,0
DA:35,0
DA:39,1
DA:40,4
DA:44,3
DA:48,1
DA:49,2
DA:53,0
LF:16
LH:11
end_of_record
SF:lib/presentation/profile/cubit/profile_cubit.dart
DA:17,1
DA:21,1
DA:27,1
DA:28,1
DA:30,2
DA:32,1
DA:36,2
DA:37,2
DA:39,2
DA:41,3
DA:45,1
DA:46,1
DA:47,1
DA:50,2
DA:51,1
DA:52,2
DA:53,1
DA:54,1
DA:55,1
DA:60,0
DA:64,1
DA:65,1
DA:66,1
DA:69,1
DA:70,2
DA:71,1
DA:72,1
DA:73,1
DA:78,0
DA:85,1
DA:86,2
DA:89,1
DA:90,3
DA:92,1
DA:95,2
DA:97,1
DA:98,2
DA:99,1
DA:100,1
DA:104,1
DA:110,3
DA:111,2
DA:112,1
DA:117,1
DA:120,1
DA:123,1
DA:128,1
DA:129,1
DA:131,2
DA:134,1
DA:138,2
DA:140,0
DA:143,1
DA:144,1
DA:146,1
DA:150,0
LF:56
LH:52
end_of_record
SF:lib/core/network/connectivity_cubit/connectivity_state.dart
DA:6,1
DA:10,3
DA:12,0
DA:13,0
DA:15,1
DA:16,2
LF:6
LH:4
end_of_record
SF:lib/core/network/connectivity_cubit/connectivity_cubit.dart
DA:12,2
DA:13,1
DA:19,1
DA:20,2
DA:21,1
DA:23,5
DA:26,2
DA:27,1
DA:32,1
DA:34,2
DA:35,1
LF:11
LH:11
end_of_record
SF:lib/core/constants/app_keys.dart
DA:4,0
DA:8,0
DA:9,0
LF:3
LH:0
end_of_record
SF:lib/core/theme/theme_cubit/theme_state.dart
DA:6,1
DA:8,1
DA:9,1
DA:11,1
DA:12,2
DA:14,1
DA:16,2
LF:7
LH:7
end_of_record
SF:lib/core/theme/theme_cubit/theme_cubit.dart
DA:13,2
DA:17,1
DA:19,2
DA:21,4
DA:24,3
DA:28,1
DA:29,3
DA:30,1
DA:33,1
DA:34,3
DA:35,1
DA:38,1
DA:39,3
DA:40,1
DA:43,1
DA:45,3
DA:47,3
LF:17
LH:17
end_of_record
SF:lib/core/validators/email_validator.dart
DA:5,1
DA:7,3
DA:9,1
DA:11,1
DA:13,2
LF:5
LH:5
end_of_record
SF:lib/core/validators/field_validator.dart
DA:2,3
DA:6,2
DA:10,3
DA:19,2
DA:22,2
DA:24,4
DA:26,8
DA:27,4
LF:8
LH:8
end_of_record
SF:lib/core/validators/prescription_validator.dart
DA:5,1
DA:7,1
DA:9,1
DA:16,3
DA:26,1
DA:28,1
DA:30,1
DA:37,3
DA:47,1
DA:49,1
DA:51,1
DA:58,2
LF:12
LH:12
end_of_record
SF:lib/core/validators/username_validator.dart
DA:5,1
DA:10,1
DA:12,1
DA:14,2
DA:15,1
DA:16,1
DA:19,2
DA:20,1
DA:21,1
LF:9
LH:9
end_of_record
SF:lib/data/datasources/profile_local_datasource.dart
DA:14,1
DA:20,1
DA:21,2
DA:23,1
DA:24,2
DA:26,1
DA:27,2
LF:7
LH:7
end_of_record
SF:lib/data/models/user_profile_model.g.dart
DA:13,0
DA:15,0
DA:16,0
DA:17,0
DA:19,0
DA:20,0
DA:21,0
DA:22,0
DA:23,0
DA:24,0
DA:25,0
DA:29,0
DA:32,0
DA:33,0
DA:34,0
DA:35,0
DA:36,0
DA:37,0
DA:38,0
DA:39,0
DA:40,0
DA:41,0
DA:42,0
DA:43,0
DA:44,0
DA:47,0
DA:48,0
DA:50,0
DA:53,0
DA:54,0
DA:55,0
LF:31
LH:0
end_of_record
SF:lib/data/models/user_profile_model.dart
DA:8,2
DA:35,2
DA:36,1
DA:37,1
DA:38,1
DA:39,1
DA:40,1
DA:43,2
DA:44,1
DA:45,1
DA:46,1
DA:47,1
DA:48,1
LF:13
LH:13
end_of_record
SF:lib/data/datasources/eyewear_local_datasource.dart
DA:14,1
DA:18,1
DA:20,3
DA:21,5
DA:25,1
DA:26,3
DA:28,1
DA:29,3
DA:31,1
DA:32,2
LF:10
LH:10
end_of_record
SF:lib/data/models/eyewear_item_model.g.dart
DA:13,0
DA:15,0
DA:16,0
DA:17,0
DA:19,0
DA:20,0
DA:21,0
DA:22,0
DA:23,0
DA:24,0
DA:25,0
DA:26,0
DA:27,0
DA:31,0
DA:34,0
DA:35,0
DA:36,0
DA:37,0
DA:38,0
DA:39,0
DA:40,0
DA:41,0
DA:42,0
DA:43,0
DA:44,0
DA:45,0
DA:46,0
DA:47,0
DA:48,0
DA:49,0
DA:50,0
DA:53,0
DA:54,0
DA:56,0
DA:59,0
DA:60,0
DA:61,0
LF:37
LH:0
end_of_record
SF:lib/data/models/eyewear_item_model.dart
DA:10,2
DA:45,2
DA:46,1
DA:47,1
DA:48,2
DA:49,1
DA:50,1
DA:51,1
DA:52,1
DA:55,2
DA:56,1
DA:57,1
DA:58,2
DA:59,1
DA:60,1
DA:61,1
DA:62,1
DA:63,0
LF:18
LH:17
end_of_record
SF:lib/domain/enums/eyewear_category.dart
DA:10,0
DA:11,0
DA:12,0
DA:13,0
DA:14,0
DA:15,0
DA:16,0
DA:17,0
DA:20,0
DA:21,0
DA:22,0
DA:23,0
DA:24,0
DA:25,0
DA:26,0
DA:27,0
LF:16
LH:0
end_of_record
SF:lib/data/models/eye_measurement_model.g.dart
DA:13,0
DA:15,0
DA:16,0
DA:17,0
DA:19,0
DA:20,0
DA:21,0
DA:22,0
DA:23,0
DA:24,0
DA:28,0
DA:31,0
DA:32,0
DA:33,0
DA:34,0
DA:35,0
DA:36,0
DA:37,0
DA:38,0
DA:39,0
DA:40,0
DA:41,0
DA:44,0
DA:45,0
DA:47,0
DA:50,0
DA:51,0
DA:52,0
LF:28
LH:0
end_of_record
SF:lib/data/models/eye_measurement_model.dart
DA:8,2
DA:31,2
DA:32,1
DA:33,1
DA:34,1
DA:35,1
DA:36,1
DA:39,1
DA:40,1
DA:41,1
DA:42,1
DA:43,1
DA:44,1
DA:45,1
LF:14
LH:14
end_of_record
SF:lib/data/models/prescription_model.dart
DA:9,2
DA:56,2
DA:57,1
DA:58,1
DA:59,1
DA:60,2
DA:61,2
DA:62,1
DA:63,1
DA:64,1
DA:65,1
DA:66,1
DA:69,2
DA:70,1
DA:71,1
DA:72,1
DA:73,2
DA:74,2
DA:75,1
DA:77,1
DA:78,1
DA:79,1
DA:80,1
LF:23
LH:23
end_of_record
SF:lib/data/models/prescription_model.g.dart
DA:13,0
DA:15,0
DA:16,0
DA:17,0
DA:19,0
DA:20,0
DA:21,0
DA:22,0
DA:23,0
DA:24,0
DA:25,0
DA:26,0
DA:27,0
DA:28,0
DA:29,0
DA:30,0
DA:34,0
DA:37,0
DA:38,0
DA:39,0
DA:40,0
DA:41,0
DA:42,0
DA:43,0
DA:44,0
DA:45,0
DA:46,0
DA:47,0
DA:48,0
DA:49,0
DA:50,0
DA:51,0
DA:52,0
DA:53,0
DA:54,0
DA:55,0
DA:56,0
DA:57,0
DA:58,0
DA:59,0
DA:62,0
DA:63,0
DA:65,0
DA:68,0
DA:69,0
DA:70,0
LF:46
LH:0
end_of_record
SF:lib/domain/entities/eyewear_item.dart
DA:7,3
DA:24,3
DA:28,0
DA:37,0
DA:38,0
DA:39,0
DA:40,0
DA:41,0
DA:42,0
DA:43,0
DA:44,0
DA:48,2
DA:49,2
DA:50,2
DA:51,2
DA:52,2
DA:53,2
DA:54,2
DA:55,2
DA:56,2
LF:20
LH:11
end_of_record
SF:lib/data/datasources/eyewear_test_local_datasource.dart
DA:23,1
DA:27,1
DA:31,3
DA:33,2
DA:34,2
DA:35,1
DA:36,1
DA:38,5
DA:39,1
DA:43,5
DA:47,1
DA:53,1
DA:54,3
DA:57,1
DA:58,3
DA:60,0
DA:61,0
LF:17
LH:15
end_of_record
SF:lib/data/models/eyewear_test_model.g.dart
DA:13,0
DA:15,0
DA:16,0
DA:17,0
DA:19,0
DA:20,0
DA:21,0
DA:22,0
DA:23,0
DA:27,0
DA:30,0
DA:31,0
DA:32,0
DA:33,0
DA:34,0
DA:35,0
DA:36,0
DA:37,0
DA:38,0
DA:41,0
DA:42,0
DA:44,0
DA:47,0
DA:48,0
DA:49,0
LF:25
LH:0
end_of_record
SF:lib/data/models/eyewear_test_model.dart
DA:8,2
DA:27,1
DA:28,5
DA:30,2
DA:31,1
DA:32,1
DA:33,1
DA:34,1
LF:8
LH:8
end_of_record
SF:lib/domain/enums/test_filter_key.dart
DA:6,0
DA:7,0
LF:2
LH:0
end_of_record
SF:lib/domain/entities/eyewear_test.dart
DA:4,2
DA:16,2
DA:17,10
LF:3
LH:3
end_of_record
SF:lib/data/datasources/prescription_local_datasource.dart
DA:18,1
DA:22,1
DA:24,3
DA:25,5
DA:29,0
DA:34,0
DA:35,0
DA:38,1
DA:39,3
DA:41,1
DA:42,3
DA:44,1
DA:45,2
LF:13
LH:10
end_of_record
SF:lib/data/repositories/prescription_repository_impl.dart
DA:9,1
DA:13,1
DA:15,2
DA:16,4
DA:19,0
DA:24,0
DA:28,0
DA:31,1
DA:33,3
DA:35,1
DA:37,3
DA:39,1
DA:40,2
LF:13
LH:10
end_of_record
SF:lib/data/repositories/eyewear_repository_impl.dart
DA:9,1
DA:13,1
DA:15,2
DA:16,4
DA:19,1
DA:21,3
DA:23,1
DA:25,3
DA:27,1
DA:28,2
LF:10
LH:10
end_of_record
SF:lib/data/repositories/eyewear_test_repository_impl.dart
DA:10,1
DA:14,1
DA:18,2
DA:19,4
DA:22,1
DA:28,2
DA:33,4
DA:36,1
DA:38,3
DA:40,0
DA:41,0
LF:11
LH:9
end_of_record
SF:lib/data/repositories/profile_repository_impl.dart
DA:9,1
DA:13,1
DA:15,2
DA:16,1
DA:19,1
DA:21,3
DA:23,1
DA:25,3
LF:8
LH:8
end_of_record
SF:lib/presentation/eyewear/controller/add_eyewear_form_controller.dart
DA:8,1
DA:9,2
DA:10,2
DA:11,2
DA:12,2
DA:13,2
DA:14,2
DA:15,2
DA:16,1
DA:17,1
DA:18,1
DA:21,1
DA:22,1
DA:23,3
DA:24,2
DA:25,3
DA:27,2
DA:28,3
DA:30,5
DA:31,2
DA:32,3
DA:34,2
DA:35,3
DA:37,5
DA:38,2
DA:39,2
DA:40,2
DA:57,0
DA:58,0
DA:59,0
DA:60,0
DA:61,0
DA:62,0
DA:63,0
DA:64,0
DA:67,2
DA:68,1
DA:69,1
DA:70,1
DA:71,1
DA:72,1
DA:73,1
DA:76,1
DA:77,2
DA:80,5
DA:82,1
DA:83,6
DA:85,1
DA:86,1
DA:89,1
DA:90,1
DA:91,4
DA:92,3
DA:93,2
DA:94,1
DA:95,3
DA:96,3
DA:97,3
DA:98,3
DA:99,3
DA:101,1
DA:102,3
DA:103,3
DA:104,3
DA:105,3
DA:106,3
DA:112,1
DA:113,3
DA:114,3
DA:115,1
DA:117,1
DA:118,2
DA:123,1
DA:124,2
DA:125,2
DA:126,2
DA:127,2
DA:128,2
DA:129,2
DA:130,2
LF:80
LH:72
end_of_record
SF:lib/presentation/eyewear/cubit/eyewear_state.dart
DA:4,1
DA:6,1
DA:7,1
DA:11,1
DA:15,1
DA:19,1
DA:23,0
DA:24,0
DA:27,1
DA:28,2
DA:32,1
DA:36,1
DA:37,2
LF:13
LH:11
end_of_record
SF:lib/presentation/eyewear/cubit/eyewear_cubit.dart
DA:11,2
DA:15,1
DA:16,1
DA:18,2
DA:19,2
DA:21,3
DA:25,1
DA:27,2
DA:28,1
DA:30,3
DA:34,1
DA:36,2
DA:37,1
DA:39,3
DA:43,1
DA:45,3
DA:46,1
DA:48,3
LF:18
LH:18
end_of_record
SF:lib/core/constants/app_values.dart
DA:2,0
LF:1
LH:0
end_of_record
SF:lib/presentation/prescription_history/cubit/prescription_history_state.dart
DA:4,1
DA:6,1
DA:7,1
DA:11,1
DA:15,1
DA:19,1
DA:29,1
DA:34,1
DA:35,1
DA:36,1
DA:37,0
DA:41,1
DA:42,4
DA:46,1
DA:50,1
DA:51,2
LF:16
LH:15
end_of_record
SF:lib/presentation/prescription_history/cubit/prescription_history_cubit.dart
DA:10,1
DA:11,1
DA:15,1
DA:16,1
DA:18,2
DA:22,2
DA:23,1
DA:24,1
DA:31,3
DA:35,1
DA:36,1
DA:37,1
DA:38,2
DA:40,2
DA:42,2
DA:43,2
DA:46,2
DA:47,1
DA:48,1
DA:49,3
DA:55,0
LF:21
LH:20
end_of_record
SF:lib/presentation/calendar/cubit/calendar_event_state.dart
DA:4,1
DA:6,1
DA:7,1
DA:11,1
DA:15,1
DA:19,1
DA:23,1
DA:24,2
DA:28,1
DA:32,1
DA:33,2
LF:11
LH:11
end_of_record
SF:lib/presentation/calendar/cubit/calendar_event_cubit.dart
DA:11,2
DA:15,1
DA:16,1
DA:18,2
DA:19,2
DA:21,3
LF:6
LH:6
end_of_record
SF:lib/presentation/test_history/cubit/test_history_state.dart
DA:4,1
DA:6,0
DA:7,0
DA:11,1
DA:15,1
DA:19,1
DA:20,2
DA:24,1
DA:36,1
DA:42,1
DA:43,1
DA:44,1
DA:45,1
DA:46,0
DA:50,1
DA:51,5
DA:55,1
DA:59,1
DA:60,2
LF:19
LH:16
end_of_record
SF:lib/presentation/test_history/cubit/test_history_cubit.dart
DA:11,2
DA:15,1
DA:18,2
DA:20,2
DA:25,2
DA:26,1
DA:27,1
DA:35,3
DA:39,1
DA:44,1
DA:45,1
DA:54,1
DA:55,1
DA:56,1
DA:57,2
DA:59,2
DA:61,2
DA:62,1
DA:63,2
DA:66,2
DA:67,1
DA:68,1
DA:69,3
DA:75,0
LF:24
LH:23
end_of_record
